[    1059ms] [INFO] %cDownload the React DevTools for a better development experience: https://react.dev/link/react-devtools font-weight:bold @ http://localhost:9002/_next/static/chunks/node_modules_next_dist_compiled_react-dom_1e674e59._.js:14537
[    1965ms] [LOG] [Fast Refresh] rebuilding @ http://localhost:9002/_next/static/chunks/node_modules_next_dist_client_cf1d9188._.js:5956
[    2058ms] [LOG] [Fast Refresh] done in 195ms @ http://localhost:9002/_next/static/chunks/node_modules_next_dist_client_cf1d9188._.js:5816
[    9240ms] [LOG] [Fast Refresh] rebuilding @ http://localhost:9002/_next/static/chunks/node_modules_next_dist_client_cf1d9188._.js:5956
[    9256ms] [LOG] [Fast Refresh] done in 117ms @ http://localhost:9002/_next/static/chunks/node_modules_next_dist_client_cf1d9188._.js:5816
[   34336ms] [LOG] [Fast Refresh] rebuilding @ http://localhost:9002/_next/static/chunks/node_modules_next_dist_client_cf1d9188._.js:5956
[   34343ms] [LOG] [Fast Refresh] done in 108ms @ http://localhost:9002/_next/static/chunks/node_modules_next_dist_client_cf1d9188._.js:5816
[  929372ms] [LOG] [Fast Refresh] rebuilding @ http://localhost:9002/_next/static/chunks/node_modules_next_dist_client_cf1d9188._.js:5956
[  929931ms] [LOG] [Fast Refresh] done in 666ms @ http://localhost:9002/_next/static/chunks/node_modules_next_dist_client_cf1d9188._.js:5816
[  934638ms] [LOG] [Fast Refresh] rebuilding @ http://localhost:9002/_next/static/chunks/node_modules_next_dist_client_cf1d9188._.js:5956
[  934689ms] [LOG] [Fast Refresh] done in 152ms @ http://localhost:9002/_next/static/chunks/node_modules_next_dist_client_cf1d9188._.js:5816
[ 1645873ms] [LOG] [Fast Refresh] rebuilding @ http://localhost:9002/_next/static/chunks/node_modules_next_dist_client_cf1d9188._.js:5956
[ 1647860ms] [LOG] [Fast Refresh] done in 2047ms @ http://localhost:9002/_next/static/chunks/node_modules_next_dist_client_cf1d9188._.js:5816
[ 1689175ms] [LOG] [Fast Refresh] rebuilding @ http://localhost:9002/_next/static/chunks/node_modules_next_dist_client_cf1d9188._.js:5956
[ 1689237ms] [LOG] [Fast Refresh] done in 164ms @ http://localhost:9002/_next/static/chunks/node_modules_next_dist_client_cf1d9188._.js:5816
[ 1711817ms] [LOG] [Fast Refresh] rebuilding @ http://localhost:9002/_next/static/chunks/node_modules_next_dist_client_cf1d9188._.js:5956
[ 1711869ms] [LOG] [Fast Refresh] done in 154ms @ http://localhost:9002/_next/static/chunks/node_modules_next_dist_client_cf1d9188._.js:5816
[ 1754412ms] [LOG] [Fast Refresh] rebuilding @ http://localhost:9002/_next/static/chunks/node_modules_next_dist_client_cf1d9188._.js:5956
[ 1754553ms] [LOG] [Fast Refresh] done in 242ms @ http://localhost:9002/_next/static/chunks/node_modules_next_dist_client_cf1d9188._.js:5816
[ 1783238ms] [LOG] [Fast Refresh] rebuilding @ http://localhost:9002/_next/static/chunks/node_modules_next_dist_client_cf1d9188._.js:5956
[ 1783607ms] [LOG] [Fast Refresh] done in 420ms @ http://localhost:9002/_next/static/chunks/node_modules_next_dist_client_cf1d9188._.js:5816
[ 1783964ms] [LOG] [Fast Refresh] rebuilding @ http://localhost:9002/_next/static/chunks/node_modules_next_dist_client_cf1d9188._.js:5956
[ 1784726ms] [LOG] [Fast Refresh] done in 864ms @ http://localhost:9002/_next/static/chunks/node_modules_next_dist_client_cf1d9188._.js:5816
[ 1787565ms] [LOG] [Fast Refresh] rebuilding @ http://localhost:9002/_next/static/chunks/node_modules_next_dist_client_cf1d9188._.js:5956
[ 1787632ms] [LOG] [Fast Refresh] done in 169ms @ http://localhost:9002/_next/static/chunks/node_modules_next_dist_client_cf1d9188._.js:5816
[ 2014309ms] [LOG] [Fast Refresh] rebuilding @ http://localhost:9002/_next/static/chunks/node_modules_next_dist_client_cf1d9188._.js:5956
[ 2014478ms] [LOG] [Fast Refresh] done in 269ms @ http://localhost:9002/_next/static/chunks/node_modules_next_dist_client_cf1d9188._.js:5816
[ 2036457ms] [LOG] [Fast Refresh] rebuilding @ http://localhost:9002/_next/static/chunks/node_modules_next_dist_client_cf1d9188._.js:5956
[ 2036480ms] [LOG] [Fast Refresh] done in 128ms @ http://localhost:9002/_next/static/chunks/node_modules_next_dist_client_cf1d9188._.js:5816
[ 2049169ms] [LOG] [Fast Refresh] rebuilding @ http://localhost:9002/_next/static/chunks/node_modules_next_dist_client_cf1d9188._.js:5956
[ 2049196ms] [LOG] [Fast Refresh] done in 128ms @ http://localhost:9002/_next/static/chunks/node_modules_next_dist_client_cf1d9188._.js:5816
[ 2064273ms] [LOG] [Fast Refresh] rebuilding @ http://localhost:9002/_next/static/chunks/node_modules_next_dist_client_cf1d9188._.js:5956
[ 2064285ms] [LOG] [Fast Refresh] done in 112ms @ http://localhost:9002/_next/static/chunks/node_modules_next_dist_client_cf1d9188._.js:5816
[ 2093830ms] [LOG] [Fast Refresh] rebuilding @ http://localhost:9002/_next/static/chunks/node_modules_next_dist_client_cf1d9188._.js:5956
[ 2097260ms] [LOG] [Fast Refresh] done in 3531ms @ http://localhost:9002/_next/static/chunks/node_modules_next_dist_client_cf1d9188._.js:5816
[ 2097363ms] [LOG] [Fast Refresh] rebuilding @ http://localhost:9002/_next/static/chunks/node_modules_next_dist_client_cf1d9188._.js:5956
[ 2098427ms] [LOG] [Fast Refresh] done in 1166ms @ http://localhost:9002/_next/static/chunks/node_modules_next_dist_client_cf1d9188._.js:5816
[ 2099457ms] [LOG] [Fast Refresh] rebuilding @ http://localhost:9002/_next/static/chunks/node_modules_next_dist_client_cf1d9188._.js:5956
[ 2099459ms] [LOG] [Fast Refresh] done in 102ms @ http://localhost:9002/_next/static/chunks/node_modules_next_dist_client_cf1d9188._.js:5816
[ 2100542ms] [LOG] [Fast Refresh] rebuilding @ http://localhost:9002/_next/static/chunks/node_modules_next_dist_client_cf1d9188._.js:5956
[ 2101163ms] [LOG] [Fast Refresh] done in 722ms @ http://localhost:9002/_next/static/chunks/node_modules_next_dist_client_cf1d9188._.js:5816
[ 2126668ms] [LOG] [Fast Refresh] rebuilding @ http://localhost:9002/_next/static/chunks/node_modules_next_dist_client_cf1d9188._.js:5956
[ 2126715ms] [LOG] [Fast Refresh] done in 147ms @ http://localhost:9002/_next/static/chunks/node_modules_next_dist_client_cf1d9188._.js:5816
[ 2161364ms] [LOG] [Fast Refresh] rebuilding @ http://localhost:9002/_next/static/chunks/node_modules_next_dist_client_cf1d9188._.js:5956
[ 2161861ms] [LOG] [Fast Refresh] done in 588ms @ http://localhost:9002/_next/static/chunks/node_modules_next_dist_client_cf1d9188._.js:5816
[ 2162858ms] [LOG] [Fast Refresh] rebuilding @ http://localhost:9002/_next/static/chunks/node_modules_next_dist_client_cf1d9188._.js:5956
[ 2162866ms] [LOG] [Fast Refresh] done in 110ms @ http://localhost:9002/_next/static/chunks/node_modules_next_dist_client_cf1d9188._.js:5816
[ 2187956ms] [LOG] [Fast Refresh] rebuilding @ http://localhost:9002/_next/static/chunks/node_modules_next_dist_client_cf1d9188._.js:5956
[ 2188000ms] [LOG] [Fast Refresh] done in 145ms @ http://localhost:9002/_next/static/chunks/node_modules_next_dist_client_cf1d9188._.js:5816
[ 2196799ms] [LOG] [Fast Refresh] rebuilding @ http://localhost:9002/_next/static/chunks/node_modules_next_dist_client_cf1d9188._.js:5956
[ 2196804ms] [LOG] [Fast Refresh] done in 105ms @ http://localhost:9002/_next/static/chunks/node_modules_next_dist_client_cf1d9188._.js:5816
[ 2245337ms] [LOG] [Fast Refresh] rebuilding @ http://localhost:9002/_next/static/chunks/node_modules_next_dist_client_cf1d9188._.js:5956
[ 2245338ms] [LOG] [Fast Refresh] done in 102ms @ http://localhost:9002/_next/static/chunks/node_modules_next_dist_client_cf1d9188._.js:5816
[ 2249166ms] [LOG] [Fast Refresh] rebuilding @ http://localhost:9002/_next/static/chunks/node_modules_next_dist_client_cf1d9188._.js:5956
[ 2249188ms] [LOG] [Fast Refresh] done in 122ms @ http://localhost:9002/_next/static/chunks/node_modules_next_dist_client_cf1d9188._.js:5816
[ 2258939ms] [LOG] [Fast Refresh] rebuilding @ http://localhost:9002/_next/static/chunks/node_modules_next_dist_client_cf1d9188._.js:5956
[ 2258951ms] [LOG] [Fast Refresh] done in 114ms @ http://localhost:9002/_next/static/chunks/node_modules_next_dist_client_cf1d9188._.js:5816
[ 2267768ms] [LOG] [Fast Refresh] rebuilding @ http://localhost:9002/_next/static/chunks/node_modules_next_dist_client_cf1d9188._.js:5956
[ 2269213ms] [LOG] [Fast Refresh] done in 1546ms @ http://localhost:9002/_next/static/chunks/node_modules_next_dist_client_cf1d9188._.js:5816
[ 2269315ms] [LOG] [Fast Refresh] rebuilding @ http://localhost:9002/_next/static/chunks/node_modules_next_dist_client_cf1d9188._.js:5956
[ 2269581ms] [LOG] [Fast Refresh] done in 368ms @ http://localhost:9002/_next/static/chunks/node_modules_next_dist_client_cf1d9188._.js:5816
[ 2270512ms] [LOG] [Fast Refresh] rebuilding @ http://localhost:9002/_next/static/chunks/node_modules_next_dist_client_cf1d9188._.js:5956
[ 2271343ms] [LOG] [Fast Refresh] done in 931ms @ http://localhost:9002/_next/static/chunks/node_modules_next_dist_client_cf1d9188._.js:5816
[ 2271444ms] [LOG] [Fast Refresh] rebuilding @ http://localhost:9002/_next/static/chunks/node_modules_next_dist_client_cf1d9188._.js:5956
[ 2271537ms] [LOG] [Fast Refresh] done in 194ms @ http://localhost:9002/_next/static/chunks/node_modules_next_dist_client_cf1d9188._.js:5816
[ 2272016ms] [LOG] [Fast Refresh] rebuilding @ http://localhost:9002/_next/static/chunks/node_modules_next_dist_client_cf1d9188._.js:5956
[ 2272909ms] [LOG] [Fast Refresh] done in 994ms @ http://localhost:9002/_next/static/chunks/node_modules_next_dist_client_cf1d9188._.js:5816
[ 2273012ms] [LOG] [Fast Refresh] rebuilding @ http://localhost:9002/_next/static/chunks/node_modules_next_dist_client_cf1d9188._.js:5956
[ 2273356ms] [LOG] [Fast Refresh] done in 446ms @ http://localhost:9002/_next/static/chunks/node_modules_next_dist_client_cf1d9188._.js:5816
[ 2273706ms] [LOG] [Fast Refresh] rebuilding @ http://localhost:9002/_next/static/chunks/node_modules_next_dist_client_cf1d9188._.js:5956
[ 2275117ms] [LOG] [Fast Refresh] done in 1512ms @ http://localhost:9002/_next/static/chunks/node_modules_next_dist_client_cf1d9188._.js:5816
[ 2275219ms] [LOG] [Fast Refresh] rebuilding @ http://localhost:9002/_next/static/chunks/node_modules_next_dist_client_cf1d9188._.js:5956
[ 2275388ms] [LOG] [Fast Refresh] done in 270ms @ http://localhost:9002/_next/static/chunks/node_modules_next_dist_client_cf1d9188._.js:5816
[ 2275686ms] [LOG] [Fast Refresh] rebuilding @ http://localhost:9002/_next/static/chunks/node_modules_next_dist_client_cf1d9188._.js:5956
[ 2276839ms] [LOG] [Fast Refresh] done in 1253ms @ http://localhost:9002/_next/static/chunks/node_modules_next_dist_client_cf1d9188._.js:5816
[ 2276941ms] [LOG] [Fast Refresh] rebuilding @ http://localhost:9002/_next/static/chunks/node_modules_next_dist_client_cf1d9188._.js:5956
[ 2277634ms] [LOG] [Fast Refresh] done in 794ms @ http://localhost:9002/_next/static/chunks/node_modules_next_dist_client_cf1d9188._.js:5816
[ 2277936ms] [LOG] [Fast Refresh] rebuilding @ http://localhost:9002/_next/static/chunks/node_modules_next_dist_client_cf1d9188._.js:5956
[ 2278676ms] [LOG] [Fast Refresh] done in 841ms @ http://localhost:9002/_next/static/chunks/node_modules_next_dist_client_cf1d9188._.js:5816
[ 2278779ms] [LOG] [Fast Refresh] rebuilding @ http://localhost:9002/_next/static/chunks/node_modules_next_dist_client_cf1d9188._.js:5956
[ 2278985ms] [LOG] [Fast Refresh] done in 308ms @ http://localhost:9002/_next/static/chunks/node_modules_next_dist_client_cf1d9188._.js:5816
[ 2281136ms] [LOG] [Fast Refresh] rebuilding @ http://localhost:9002/_next/static/chunks/node_modules_next_dist_client_cf1d9188._.js:5956
[ 2281146ms] [LOG] [Fast Refresh] done in 112ms @ http://localhost:9002/_next/static/chunks/node_modules_next_dist_client_cf1d9188._.js:5816
[ 2281640ms] [LOG] [Fast Refresh] rebuilding @ http://localhost:9002/_next/static/chunks/node_modules_next_dist_client_cf1d9188._.js:5956
[ 2281643ms] [LOG] [Fast Refresh] done in 104ms @ http://localhost:9002/_next/static/chunks/node_modules_next_dist_client_cf1d9188._.js:5816
[ 2312794ms] [LOG] [Fast Refresh] rebuilding @ http://localhost:9002/_next/static/chunks/node_modules_next_dist_client_cf1d9188._.js:5956
[ 2312877ms] [LOG] [Fast Refresh] done in 184ms @ http://localhost:9002/_next/static/chunks/node_modules_next_dist_client_cf1d9188._.js:5816
[ 2314102ms] [LOG] [Fast Refresh] rebuilding @ http://localhost:9002/_next/static/chunks/node_modules_next_dist_client_cf1d9188._.js:5956
[ 2314140ms] [LOG] [Fast Refresh] done in 140ms @ http://localhost:9002/_next/static/chunks/node_modules_next_dist_client_cf1d9188._.js:5816
[ 2345894ms] [LOG] [Fast Refresh] rebuilding @ http://localhost:9002/_next/static/chunks/node_modules_next_dist_client_cf1d9188._.js:5956
[ 2346336ms] [LOG] [Fast Refresh] done in 516ms @ http://localhost:9002/_next/static/chunks/node_modules_next_dist_client_cf1d9188._.js:5816
[ 2356413ms] [LOG] [Fast Refresh] rebuilding @ http://localhost:9002/_next/static/chunks/node_modules_next_dist_client_cf1d9188._.js:5956
[ 2356445ms] [LOG] [Fast Refresh] done in 133ms @ http://localhost:9002/_next/static/chunks/node_modules_next_dist_client_cf1d9188._.js:5816
[ 2366443ms] [LOG] [Fast Refresh] rebuilding @ http://localhost:9002/_next/static/chunks/node_modules_next_dist_client_cf1d9188._.js:5956
[ 2366446ms] [LOG] [Fast Refresh] done in 105ms @ http://localhost:9002/_next/static/chunks/node_modules_next_dist_client_cf1d9188._.js:5816
[ 2377674ms] [LOG] [Fast Refresh] rebuilding @ http://localhost:9002/_next/static/chunks/node_modules_next_dist_client_cf1d9188._.js:5956
[ 2377851ms] [LOG] [Fast Refresh] done in 277ms @ http://localhost:9002/_next/static/chunks/node_modules_next_dist_client_cf1d9188._.js:5816
[ 2378997ms] [LOG] [Fast Refresh] rebuilding @ http://localhost:9002/_next/static/chunks/node_modules_next_dist_client_cf1d9188._.js:5956
[ 2379025ms] [LOG] [Fast Refresh] done in 130ms @ http://localhost:9002/_next/static/chunks/node_modules_next_dist_client_cf1d9188._.js:5816
[ 2380077ms] [LOG] [Fast Refresh] rebuilding @ http://localhost:9002/_next/static/chunks/node_modules_next_dist_client_cf1d9188._.js:5956
[ 2380158ms] [LOG] [Fast Refresh] done in 182ms @ http://localhost:9002/_next/static/chunks/node_modules_next_dist_client_cf1d9188._.js:5816
[ 2383367ms] [LOG] [Fast Refresh] rebuilding @ http://localhost:9002/_next/static/chunks/node_modules_next_dist_client_cf1d9188._.js:5956
[ 2383384ms] [LOG] [Fast Refresh] done in 118ms @ http://localhost:9002/_next/static/chunks/node_modules_next_dist_client_cf1d9188._.js:5816
[ 2384407ms] [LOG] [Fast Refresh] rebuilding @ http://localhost:9002/_next/static/chunks/node_modules_next_dist_client_cf1d9188._.js:5956
[ 2384596ms] [LOG] [Fast Refresh] done in 290ms @ http://localhost:9002/_next/static/chunks/node_modules_next_dist_client_cf1d9188._.js:5816
[ 2385843ms] [LOG] [Fast Refresh] rebuilding @ http://localhost:9002/_next/static/chunks/node_modules_next_dist_client_cf1d9188._.js:5956
[ 2385938ms] [LOG] [Fast Refresh] done in 196ms @ http://localhost:9002/_next/static/chunks/node_modules_next_dist_client_cf1d9188._.js:5816
[ 2387210ms] [LOG] [Fast Refresh] rebuilding @ http://localhost:9002/_next/static/chunks/node_modules_next_dist_client_cf1d9188._.js:5956
[ 2387288ms] [LOG] [Fast Refresh] done in 179ms @ http://localhost:9002/_next/static/chunks/node_modules_next_dist_client_cf1d9188._.js:5816
[ 2390026ms] [LOG] [Fast Refresh] rebuilding @ http://localhost:9002/_next/static/chunks/node_modules_next_dist_client_cf1d9188._.js:5956
[ 2390044ms] [LOG] [Fast Refresh] done in 119ms @ http://localhost:9002/_next/static/chunks/node_modules_next_dist_client_cf1d9188._.js:5816
[ 2414884ms] [LOG] [Fast Refresh] rebuilding @ http://localhost:9002/_next/static/chunks/node_modules_next_dist_client_cf1d9188._.js:5956
[ 2415285ms] [LOG] [Fast Refresh] done in 504ms @ http://localhost:9002/_next/static/chunks/node_modules_next_dist_client_cf1d9188._.js:5816
[ 2419873ms] [LOG] [Fast Refresh] rebuilding @ http://localhost:9002/_next/static/chunks/node_modules_next_dist_client_cf1d9188._.js:5956
[ 2419879ms] [LOG] [Fast Refresh] done in 117ms @ http://localhost:9002/_next/static/chunks/node_modules_next_dist_client_cf1d9188._.js:5816
[ 2421616ms] [LOG] [Fast Refresh] rebuilding @ http://localhost:9002/_next/static/chunks/node_modules_next_dist_client_cf1d9188._.js:5956
[ 2421651ms] [LOG] [Fast Refresh] done in 136ms @ http://localhost:9002/_next/static/chunks/node_modules_next_dist_client_cf1d9188._.js:5816
[ 2425004ms] [LOG] [Fast Refresh] rebuilding @ http://localhost:9002/_next/static/chunks/node_modules_next_dist_client_cf1d9188._.js:5956
[ 2425322ms] [LOG] [Fast Refresh] done in 419ms @ http://localhost:9002/_next/static/chunks/node_modules_next_dist_client_cf1d9188._.js:5816
[ 2427088ms] [LOG] [Fast Refresh] rebuilding @ http://localhost:9002/_next/static/chunks/node_modules_next_dist_client_cf1d9188._.js:5956
[ 2427121ms] [LOG] [Fast Refresh] done in 135ms @ http://localhost:9002/_next/static/chunks/node_modules_next_dist_client_cf1d9188._.js:5816
[ 2432841ms] [LOG] [Fast Refresh] rebuilding @ http://localhost:9002/_next/static/chunks/node_modules_next_dist_client_cf1d9188._.js:5956
[ 2432924ms] [LOG] [Fast Refresh] done in 183ms @ http://localhost:9002/_next/static/chunks/node_modules_next_dist_client_cf1d9188._.js:5816
[ 2437228ms] [LOG] [Fast Refresh] rebuilding @ http://localhost:9002/_next/static/chunks/node_modules_next_dist_client_cf1d9188._.js:5956
[ 2437253ms] [LOG] [Fast Refresh] done in 127ms @ http://localhost:9002/_next/static/chunks/node_modules_next_dist_client_cf1d9188._.js:5816
[ 2439705ms] [LOG] [Fast Refresh] rebuilding @ http://localhost:9002/_next/static/chunks/node_modules_next_dist_client_cf1d9188._.js:5956
[ 2439760ms] [LOG] [Fast Refresh] done in 157ms @ http://localhost:9002/_next/static/chunks/node_modules_next_dist_client_cf1d9188._.js:5816
[ 2441669ms] [LOG] [Fast Refresh] rebuilding @ http://localhost:9002/_next/static/chunks/node_modules_next_dist_client_cf1d9188._.js:5956
[ 2441722ms] [LOG] [Fast Refresh] done in 154ms @ http://localhost:9002/_next/static/chunks/node_modules_next_dist_client_cf1d9188._.js:5816
[ 2452621ms] [LOG] [Fast Refresh] rebuilding @ http://localhost:9002/_next/static/chunks/node_modules_next_dist_client_cf1d9188._.js:5956
[ 2452854ms] [LOG] [Fast Refresh] done in 334ms @ http://localhost:9002/_next/static/chunks/node_modules_next_dist_client_cf1d9188._.js:5816
[ 2461678ms] [LOG] [Fast Refresh] rebuilding @ http://localhost:9002/_next/static/chunks/node_modules_next_dist_client_cf1d9188._.js:5956
[ 2461782ms] [LOG] [Fast Refresh] done in 205ms @ http://localhost:9002/_next/static/chunks/node_modules_next_dist_client_cf1d9188._.js:5816
[ 2484170ms] [LOG] [Fast Refresh] rebuilding @ http://localhost:9002/_next/static/chunks/node_modules_next_dist_client_cf1d9188._.js:5956
[ 2484235ms] [LOG] [Fast Refresh] done in 166ms @ http://localhost:9002/_next/static/chunks/node_modules_next_dist_client_cf1d9188._.js:5816
[ 2486385ms] [LOG] [Fast Refresh] rebuilding @ http://localhost:9002/_next/static/chunks/node_modules_next_dist_client_cf1d9188._.js:5956
[ 2486396ms] [LOG] [Fast Refresh] done in 111ms @ http://localhost:9002/_next/static/chunks/node_modules_next_dist_client_cf1d9188._.js:5816
[ 2488145ms] [LOG] [Fast Refresh] rebuilding @ http://localhost:9002/_next/static/chunks/node_modules_next_dist_client_cf1d9188._.js:5956
[ 2488154ms] [LOG] [Fast Refresh] done in 111ms @ http://localhost:9002/_next/static/chunks/node_modules_next_dist_client_cf1d9188._.js:5816
[ 2494184ms] [LOG] [Fast Refresh] rebuilding @ http://localhost:9002/_next/static/chunks/node_modules_next_dist_client_cf1d9188._.js:5956
[ 2494240ms] [LOG] [Fast Refresh] done in 158ms @ http://localhost:9002/_next/static/chunks/node_modules_next_dist_client_cf1d9188._.js:5816
[ 2500662ms] [LOG] [Fast Refresh] rebuilding @ http://localhost:9002/_next/static/chunks/node_modules_next_dist_client_cf1d9188._.js:5956
[ 2500688ms] [LOG] [Fast Refresh] done in 129ms @ http://localhost:9002/_next/static/chunks/node_modules_next_dist_client_cf1d9188._.js:5816
[ 2503103ms] [LOG] [Fast Refresh] rebuilding @ http://localhost:9002/_next/static/chunks/node_modules_next_dist_client_cf1d9188._.js:5956
[ 2503140ms] [LOG] [Fast Refresh] done in 139ms @ http://localhost:9002/_next/static/chunks/node_modules_next_dist_client_cf1d9188._.js:5816
[ 2505277ms] [LOG] [Fast Refresh] rebuilding @ http://localhost:9002/_next/static/chunks/node_modules_next_dist_client_cf1d9188._.js:5956
[ 2505279ms] [LOG] [Fast Refresh] done in 103ms @ http://localhost:9002/_next/static/chunks/node_modules_next_dist_client_cf1d9188._.js:5816
[ 2553913ms] [LOG] [Fast Refresh] rebuilding @ http://localhost:9002/_next/static/chunks/node_modules_next_dist_client_cf1d9188._.js:5956
[ 2554013ms] [LOG] [Fast Refresh] done in 201ms @ http://localhost:9002/_next/static/chunks/node_modules_next_dist_client_cf1d9188._.js:5816
[ 2569794ms] [LOG] [Fast Refresh] rebuilding @ http://localhost:9002/_next/static/chunks/node_modules_next_dist_client_cf1d9188._.js:5956
[ 2569839ms] [LOG] [Fast Refresh] done in 146ms @ http://localhost:9002/_next/static/chunks/node_modules_next_dist_client_cf1d9188._.js:5816
[ 2589962ms] [LOG] [Fast Refresh] rebuilding @ http://localhost:9002/_next/static/chunks/node_modules_next_dist_client_cf1d9188._.js:5956
[ 2589965ms] [LOG] [Fast Refresh] done in 105ms @ http://localhost:9002/_next/static/chunks/node_modules_next_dist_client_cf1d9188._.js:5816
[ 2608956ms] [LOG] [Fast Refresh] rebuilding @ http://localhost:9002/_next/static/chunks/node_modules_next_dist_client_cf1d9188._.js:5956
[ 2609028ms] [LOG] [Fast Refresh] done in 174ms @ http://localhost:9002/_next/static/chunks/node_modules_next_dist_client_cf1d9188._.js:5816
[ 2629164ms] [LOG] [Fast Refresh] rebuilding @ http://localhost:9002/_next/static/chunks/node_modules_next_dist_client_cf1d9188._.js:5956
[ 2629197ms] [LOG] [Fast Refresh] done in 134ms @ http://localhost:9002/_next/static/chunks/node_modules_next_dist_client_cf1d9188._.js:5816
[ 2641813ms] [LOG] [Fast Refresh] rebuilding @ http://localhost:9002/_next/static/chunks/node_modules_next_dist_client_cf1d9188._.js:5956
[ 2641819ms] [LOG] [Fast Refresh] done in 108ms @ http://localhost:9002/_next/static/chunks/node_modules_next_dist_client_cf1d9188._.js:5816
[ 2726487ms] [LOG] [Fast Refresh] rebuilding @ http://localhost:9002/_next/static/chunks/node_modules_next_dist_client_cf1d9188._.js:5956
[ 2726525ms] [LOG] [Fast Refresh] done in 138ms @ http://localhost:9002/_next/static/chunks/node_modules_next_dist_client_cf1d9188._.js:5816
[ 2736743ms] [LOG] [Fast Refresh] rebuilding @ http://localhost:9002/_next/static/chunks/node_modules_next_dist_client_cf1d9188._.js:5956
[ 2736770ms] [LOG] [Fast Refresh] done in 129ms @ http://localhost:9002/_next/static/chunks/node_modules_next_dist_client_cf1d9188._.js:5816
[ 2749242ms] [LOG] [Fast Refresh] rebuilding @ http://localhost:9002/_next/static/chunks/node_modules_next_dist_client_cf1d9188._.js:5956
[ 2749264ms] [LOG] [Fast Refresh] done in 122ms @ http://localhost:9002/_next/static/chunks/node_modules_next_dist_client_cf1d9188._.js:5816
[ 2774243ms] [LOG] [Fast Refresh] rebuilding @ http://localhost:9002/_next/static/chunks/node_modules_next_dist_client_cf1d9188._.js:5956
[ 2774260ms] [LOG] [Fast Refresh] done in 118ms @ http://localhost:9002/_next/static/chunks/node_modules_next_dist_client_cf1d9188._.js:5816
